<?xml version="1.0" encoding="UTF-8"?>
<testsuites>
    <testsuite name="as-an-end-user-i-need-to-merge-all/some-accounts-into-a-new-lbg-account;merge-all-account-into-exsting-barclays-account" tests="8" failures="0" skipped="0">
        <properties>
            <property name="URI" value="d:\Assignment-master\functionalTestScripts-master\features\LBG_Account.feature">
            </property>
        </properties>
        <testcase name="Given user logs in to openbanking &quot;DEV&quot; and enters the valid &quot;alice&quot; and &quot;d29uZGVybGFuZA==&quot;" classname="as-an-end-user-i-need-to-merge-all/some-accounts-into-a-new-lbg-account;merge-all-account-into-exsting-barclays-account" time="0.00177641">
        </testcase>
        <testcase name="And navigates to Wallet page" classname="as-an-end-user-i-need-to-merge-all/some-accounts-into-a-new-lbg-account;merge-all-account-into-exsting-barclays-account" time="0.001729039">
        </testcase>
        <testcase name="When user clicks on optmize should land on optmize screen" classname="as-an-end-user-i-need-to-merge-all/some-accounts-into-a-new-lbg-account;merge-all-account-into-exsting-barclays-account" time="0.000680168">
        </testcase>
        <testcase name="And click on port account so that user can select existing account to transfer funds to existing Barclays account" classname="as-an-end-user-i-need-to-merge-all/some-accounts-into-a-new-lbg-account;merge-all-account-into-exsting-barclays-account" time="0.000525423">
        </testcase>
        <testcase name="And click yes to confirm merge existing account and transfer successfull message should be displayed" classname="as-an-end-user-i-need-to-merge-all/some-accounts-into-a-new-lbg-account;merge-all-account-into-exsting-barclays-account" time="0.000583847">
        </testcase>
        <testcase name="Then user should view transfered funds in ported account from existing selected account" classname="as-an-end-user-i-need-to-merge-all/some-accounts-into-a-new-lbg-account;merge-all-account-into-exsting-barclays-account" time="0.000280278">
        </testcase>
        <testcase name="And user should not view the other account which is ported in the Wallet screen" classname="as-an-end-user-i-need-to-merge-all/some-accounts-into-a-new-lbg-account;merge-all-account-into-exsting-barclays-account" time="0.000108558">
        </testcase>
        <testcase name="And user logouts the application" classname="as-an-end-user-i-need-to-merge-all/some-accounts-into-a-new-lbg-account;merge-all-account-into-exsting-barclays-account" time="0.000441734">
        </testcase>
    </testsuite>
    <testsuite name="as-an-end-user-i-need-to-merge-all/some-accounts-into-a-new-lbg-account;merge-all-account-into-exsting-barclays-account" tests="8" failures="0" skipped="0">
        <properties>
            <property name="URI" value="d:\Assignment-master\functionalTestScripts-master\features\LBG_Account.feature">
            </property>
        </properties>
        <testcase name="Given user logs in to openbanking &quot;DEV&quot; and enters the valid &quot;john&quot; and &quot;ZG9l&quot;" classname="as-an-end-user-i-need-to-merge-all/some-accounts-into-a-new-lbg-account;merge-all-account-into-exsting-barclays-account" time="0.00017843">
        </testcase>
        <testcase name="And navigates to Wallet page" classname="as-an-end-user-i-need-to-merge-all/some-accounts-into-a-new-lbg-account;merge-all-account-into-exsting-barclays-account" time="0.000216722">
        </testcase>
        <testcase name="When user clicks on optmize should land on optmize screen" classname="as-an-end-user-i-need-to-merge-all/some-accounts-into-a-new-lbg-account;merge-all-account-into-exsting-barclays-account" time="0.000200537">
        </testcase>
        <testcase name="And click on port account so that user can select existing account to transfer funds to existing Barclays account" classname="as-an-end-user-i-need-to-merge-all/some-accounts-into-a-new-lbg-account;merge-all-account-into-exsting-barclays-account" time="0.000215538">
        </testcase>
        <testcase name="And click yes to confirm merge existing account and transfer successfull message should be displayed" classname="as-an-end-user-i-need-to-merge-all/some-accounts-into-a-new-lbg-account;merge-all-account-into-exsting-barclays-account" time="0.001822201">
        </testcase>
        <testcase name="Then user should view transfered funds in ported account from existing selected account" classname="as-an-end-user-i-need-to-merge-all/some-accounts-into-a-new-lbg-account;merge-all-account-into-exsting-barclays-account" time="0.000270014">
        </testcase>
        <testcase name="And user should not view the other account which is ported in the Wallet screen" classname="as-an-end-user-i-need-to-merge-all/some-accounts-into-a-new-lbg-account;merge-all-account-into-exsting-barclays-account" time="0.000075004">
        </testcase>
        <testcase name="And user logouts the application" classname="as-an-end-user-i-need-to-merge-all/some-accounts-into-a-new-lbg-account;merge-all-account-into-exsting-barclays-account" time="0.000249882">
        </testcase>
    </testsuite>
</testsuites>